#
# A fatal error has been detected by the Java Runtime Environment:
#
#  SIGSEGV (0xb) at pc=0x000000010012f74f, pid=4744, tid=0x0000000000003d07
#
# JRE version: Java(TM) SE Runtime Environment (8.0_101-b13) (build 1.8.0_101-b13)
# Java VM: Java HotSpot(TM) 64-Bit Server VM (25.101-b13 mixed mode bsd-amd64 compressed oops)
# Problematic frame:
# C  [libjdwp.dylib+0xa74f]  classTrack_processUnloads+0x136
#
# Failed to write core dump. Core dumps have been disabled. To enable core dumping, try "ulimit -c unlimited" before starting Java again
#
# If you would like to submit a bug report, please visit:
#   http://bugreport.java.com/bugreport/crash.jsp
# The crash happened outside the Java Virtual Machine in native code.
# See problematic frame for where to report the bug.
#

---------------  T H R E A D  ---------------

Current thread (0x00007f8f621ae800):  JavaThread "play-thread-1" [_thread_in_native, id=15623, stack(0x00007000089ad000,0x0000700008aad000)]

siginfo: si_signo: 11 (SIGSEGV), si_code: 0 (unknown), si_addr: 0x0000000000000000

Registers:
RAX=0x0000000000000000, RBX=0x00007f8f621ae9f8, RCX=0x00007f8f5f5e09e0, RDX=0x0000000000000004
RSP=0x0000700008aa9c30, RBP=0x0000700008aa9ca0, RSI=0x0000000000000007, RDI=0x0000700008aa9bf0
R8 =0x0000000101233188, R9 =0x000000000000b875, R10=0x0000000101233190, R11=0xffffffff00000000
R12=0x0000000000000001, R13=0x40007f8f5f5f3120, R14=0x00007f8f5f5e09e0, R15=0x00007f8f5f5cc930
RIP=0x000000010012f74f, EFLAGS=0x0000000000010202, ERR=0x0000000000000000
  TRAPNO=0x000000000000000d

Top of Stack: (sp=0x0000700008aa9c30)
0x0000700008aa9c30:   0000700008aa9c60 0000000100d84020
0x0000700008aa9c40:   0000700008aa9c60 00007f8f5f62c890
0x0000700008aa9c50:   00007f8f621ae9f8 00007f8f64a15600
0x0000700008aa9c60:   00000000000002bb 00007f8f64a54600
0x0000700008aa9c70:   000019ef00000200 00007f8f63950458
0x0000700008aa9c80:   0000700008aa9de8 00007f8f5f60e690
0x0000700008aa9c90:   00007f8f621ae9f8 00007f8f63950450
0x0000700008aa9ca0:   0000700008aa9d30 0000000100139492
0x0000700008aa9cb0:   00007f8f5f62c710 00007f8f621ae800
0x0000700008aa9cc0:   0000700008aa9cd0 0000000100d9a2f4
0x0000700008aa9cd0:   0000700008aa9cf0 0000000000000000
0x0000700008aa9ce0:   00007f8f63950458 00007f8f621ae9f8
0x0000700008aa9cf0:   00007f8f621ae9f8 0000700008aa9d60
0x0000700008aa9d00:   0000000100000005 00007f8f63950458
0x0000700008aa9d10:   0000700008aa9de8 00007f8f5f60e690
0x0000700008aa9d20:   00007f8f621ae9f8 00007f8f63950450
0x0000700008aa9d30:   0000700008aa9dd0 0000000100137761
0x0000700008aa9d40:   00007f8f5f6b3d60 0000700008aa9dd0
0x0000700008aa9d50:   0000700008aa9da0 0000000100c9aa71
0x0000700008aa9d60:   0000000000000007 00007f8f63950450
0x0000700008aa9d70:   00007f8f63950458 0000000000000000
0x0000700008aa9d80:   0000000000000000 0000000000000000
0x0000700008aa9d90:   0000000000000000 0000000000000000
0x0000700008aa9da0:   0000000000000000 0000000000000000
0x0000700008aa9db0:   0000700008aa9dd0 00000007c0456350
0x0000700008aa9dc0:   00007f8f621ae800 00007f8f5f6b8730
0x0000700008aa9dd0:   0000700008aa9f30 0000000100d912d8
0x0000700008aa9de0:   0000000100000007 00007f8f5f6b3d80
0x0000700008aa9df0:   00007f8f621ae800 0000700008aaa000
0x0000700008aa9e00:   0000000000000005 0000700008aa9e90
0x0000700008aa9e10:   0000700008aa9f30 00007f8f5f4d3280
0x0000700008aa9e20:   00007f8f5f6b3d50 00007f8f5f6b3d60 

Instructions: (pc=0x000000010012f74f)
0x000000010012f72f:   8d 0c e5 00 00 00 00 48 03 0d 73 8f 02 00 49 ff
0x000000010012f73f:   c6 4c 89 75 c0 49 89 ce 4d 8b 2e 4d 85 ed 74 2e
0x000000010012f74f:   49 8b 55 00 48 89 df 4c 89 fe e8 0a 51 01 00 49
0x000000010012f75f:   8d 4d 10 84 c0 74 de 49 8b 4d 10 49 89 0e 48 8b 

Register to memory mapping:

RAX=0x0000000000000000 is an unknown value
RBX=0x00007f8f621ae9f8 is an unknown value
RCX=0x00007f8f5f5e09e0 is an unknown value
RDX=0x0000000000000004 is an unknown value
RSP=0x0000700008aa9c30 is pointing into the stack for thread: 0x00007f8f621ae800
RBP=0x0000700008aa9ca0 is pointing into the stack for thread: 0x00007f8f621ae800
RSI=0x0000000000000007 is an unknown value
RDI=0x0000700008aa9bf0 is pointing into the stack for thread: 0x00007f8f621ae800
R8 =0x0000000101233188: _ZL8tc_mutex+0x18 in /Library/Java/JavaVirtualMachines/jdk1.8.0_101.jdk/Contents/Home/jre/lib/server/libjvm.dylib at 0x0000000100a00000
R9 =0x000000000000b875 is an unknown value
R10=0x0000000101233190: _ZL8tc_mutex+0x20 in /Library/Java/JavaVirtualMachines/jdk1.8.0_101.jdk/Contents/Home/jre/lib/server/libjvm.dylib at 0x0000000100a00000
R11=0xffffffff00000000 is an unknown value
R12=0x0000000000000001 is an unknown value
R13=0x40007f8f5f5f3120 is an unknown value
R14=0x00007f8f5f5e09e0 is an unknown value
R15=0x00007f8f5f5cc930 is an unknown value


Stack: [0x00007000089ad000,0x0000700008aad000],  sp=0x0000700008aa9c30,  free space=1011k
Native frames: (J=compiled Java code, j=interpreted, Vv=VM code, C=native code)
C  [libjdwp.dylib+0xa74f]  classTrack_processUnloads+0x136
C  [libjdwp.dylib+0x14492]  event_callback+0x153
C  [libjdwp.dylib+0x12761]  cbClassPrepare+0xd1
V  [libjvm.dylib+0x3912d8]  JvmtiExport::post_class_prepare(JavaThread*, Klass*)+0x1b6
V  [libjvm.dylib+0x2c0bf3]  InstanceKlass::link_class_impl(instanceKlassHandle, bool, Thread*)+0x645
V  [libjvm.dylib+0x2c0cb1]  InstanceKlass::link_class(Thread*)+0x3b
V  [libjvm.dylib+0x2c0ce9]  InstanceKlass::initialize_impl(instanceKlassHandle, Thread*)+0x25
V  [libjvm.dylib+0x2c140f]  InstanceKlass::initialize(Thread*)+0x3d
V  [libjvm.dylib+0x3c7ed6]  LinkResolver::resolve_field(fieldDescriptor&, KlassHandle, Symbol*, Symbol*, KlassHandle, Bytecodes::Code, bool, bool, Thread*)+0x31a
V  [libjvm.dylib+0x3ca4bb]  LinkResolver::resolve_field_access(fieldDescriptor&, constantPoolHandle, int, Bytecodes::Code, Thread*)+0x101
V  [libjvm.dylib+0x2e7e0f]  InterpreterRuntime::resolve_get_put(JavaThread*, Bytecodes::Code)+0x119
j  org.hibernate.persister.entity.AbstractEntityPersister.getSubclassPropertyDeclarer(Ljava/lang/String;)Lorg/hibernate/persister/entity/Queryable$Declarer;+10
j  org.hibernate.hql.internal.ast.tree.FromElement.handlePropertyBeingDereferenced(Lorg/hibernate/type/Type;Ljava/lang/String;)V+36
j  org.hibernate.hql.internal.ast.tree.DotNode.checkSubclassOrSuperclassPropertyReference(Lorg/hibernate/hql/internal/ast/tree/FromReferenceNode;Ljava/lang/String;)Z+26
j  org.hibernate.hql.internal.ast.tree.DotNode.resolveFirstChild()V+57
j  org.hibernate.hql.internal.ast.HqlSqlWalker.lookupProperty(Lantlr/collections/AST;ZZ)Lantlr/collections/AST;+134
j  org.hibernate.hql.internal.ast.HqlSqlWalker.lookupNonQualifiedProperty(Lantlr/collections/AST;)Lantlr/collections/AST;+41
j  org.hibernate.hql.internal.antlr.HqlSqlBaseWalker.addrExpr(Lantlr/collections/AST;Z)V+769
j  org.hibernate.hql.internal.antlr.HqlSqlBaseWalker.expr(Lantlr/collections/AST;)V+557
j  org.hibernate.hql.internal.antlr.HqlSqlBaseWalker.exprOrSubquery(Lantlr/collections/AST;)V+566
j  org.hibernate.hql.internal.antlr.HqlSqlBaseWalker.comparisonExpr(Lantlr/collections/AST;)V+239
j  org.hibernate.hql.internal.antlr.HqlSqlBaseWalker.logicalExpr(Lantlr/collections/AST;)V+569
j  org.hibernate.hql.internal.antlr.HqlSqlBaseWalker.logicalExpr(Lantlr/collections/AST;)V+263
j  org.hibernate.hql.internal.antlr.HqlSqlBaseWalker.whereClause(Lantlr/collections/AST;)V+137
j  org.hibernate.hql.internal.antlr.HqlSqlBaseWalker.query(Lantlr/collections/AST;)V+380
j  org.hibernate.hql.internal.antlr.HqlSqlBaseWalker.selectStatement(Lantlr/collections/AST;)V+31
j  org.hibernate.hql.internal.antlr.HqlSqlBaseWalker.statement(Lantlr/collections/AST;)V+86
j  org.hibernate.hql.internal.ast.QueryTranslatorImpl.analyze(Lorg/hibernate/hql/internal/ast/HqlParser;Ljava/lang/String;)Lorg/hibernate/hql/internal/ast/HqlSqlWalker;+28
j  org.hibernate.hql.internal.ast.QueryTranslatorImpl.doCompile(Ljava/util/Map;ZLjava/lang/String;)V+57
j  org.hibernate.hql.internal.ast.QueryTranslatorImpl.compile(Ljava/util/Map;Z)V+4
j  org.hibernate.engine.query.spi.HQLQueryPlan.<init>(Ljava/lang/String;Ljava/lang/String;ZLjava/util/Map;Lorg/hibernate/engine/spi/SessionFactoryImplementor;)V+171
j  org.hibernate.engine.query.spi.HQLQueryPlan.<init>(Ljava/lang/String;ZLjava/util/Map;Lorg/hibernate/engine/spi/SessionFactoryImplementor;)V+7
j  org.hibernate.engine.query.spi.QueryPlanCache.getHQLQueryPlan(Ljava/lang/String;ZLjava/util/Map;)Lorg/hibernate/engine/query/spi/HQLQueryPlan;+53
j  org.hibernate.internal.AbstractSessionImpl.getHQLQueryPlan(Ljava/lang/String;Z)Lorg/hibernate/engine/query/spi/HQLQueryPlan;+13
j  org.hibernate.internal.AbstractSessionImpl.createQuery(Ljava/lang/String;)Lorg/hibernate/Query;+13
j  org.hibernate.internal.SessionImpl.createQuery(Ljava/lang/String;)Lorg/hibernate/Query;+10
j  org.hibernate.ejb.AbstractEntityManagerImpl.createQuery(Ljava/lang/String;)Ljavax/persistence/Query;+10
j  play.db.jpa.JPQL.count(Ljava/lang/String;Ljava/lang/String;Ljava/lang/String;[Ljava/lang/Object;)J+16
j  models.Denuncia.count(Ljava/lang/String;[Ljava/lang/Object;)J+9
j  controllers.VereadorController.listNumbersSolicitations(Ljava/lang/Integer;)V+90
v  ~StubRoutines::call_stub
V  [libjvm.dylib+0x2ecf06]  JavaCalls::call_helper(JavaValue*, methodHandle*, JavaCallArguments*, Thread*)+0x6ae
V  [libjvm.dylib+0x4d1214]  Reflection::invoke(instanceKlassHandle, methodHandle, Handle, bool, objArrayHandle, BasicType, objArrayHandle, bool, Thread*)+0xe12
V  [libjvm.dylib+0x4d1748]  Reflection::invoke_method(oopDesc*, Handle, objArrayHandle, Thread*)+0x16c
V  [libjvm.dylib+0x345384]  JVM_InvokeMethod+0x166
j  sun.reflect.NativeMethodAccessorImpl.invoke0(Ljava/lang/reflect/Method;Ljava/lang/Object;[Ljava/lang/Object;)Ljava/lang/Object;+0
j  sun.reflect.NativeMethodAccessorImpl.invoke(Ljava/lang/Object;[Ljava/lang/Object;)Ljava/lang/Object;+100
j  sun.reflect.DelegatingMethodAccessorImpl.invoke(Ljava/lang/Object;[Ljava/lang/Object;)Ljava/lang/Object;+6
j  java.lang.reflect.Method.invoke(Ljava/lang/Object;[Ljava/lang/Object;)Ljava/lang/Object;+56
j  play.mvc.ActionInvoker.invokeWithContinuation(Ljava/lang/reflect/Method;Ljava/lang/Object;[Ljava/lang/Object;)Ljava/lang/Object;+233
j  play.mvc.ActionInvoker.invoke(Ljava/lang/reflect/Method;Ljava/lang/Object;[Ljava/lang/Object;)Ljava/lang/Object;+10
j  play.mvc.ActionInvoker.invokeControllerMethod(Ljava/lang/reflect/Method;[Ljava/lang/Object;)Ljava/lang/Object;+138
j  play.mvc.ActionInvoker.invokeControllerMethod(Ljava/lang/reflect/Method;)Ljava/lang/Object;+2
j  play.mvc.ActionInvoker.invoke(Lplay/mvc/Http$Request;Lplay/mvc/Http$Response;)V+331
j  play.server.PlayHandler$NettyInvocation.execute()V+64
j  play.Invoker$Invocation$1.apply()Ljava/lang/Void;+12
j  play.Invoker$Invocation$1.apply()Ljava/lang/Object;+1
j  play.db.jpa.JPA.withTransaction(Ljava/lang/String;ZLplay/libs/F$Function0;)Ljava/lang/Object;+80
j  play.db.jpa.JPA.withinFilter(Lplay/libs/F$Function0;)Ljava/lang/Object;+76
j  play.db.jpa.JPAPlugin$TransactionalFilter.withinFilter(Lplay/libs/F$Function0;)Ljava/lang/Object;+1
j  play.Invoker$Invocation.withinFilter(Lplay/libs/F$Function0;)V+22
j  play.Invoker$Invocation.run()V+49
j  play.server.PlayHandler$NettyInvocation.run()V+16
j  java.util.concurrent.Executors$RunnableAdapter.call()Ljava/lang/Object;+4
j  java.util.concurrent.FutureTask.run()V+42
j  java.util.concurrent.ScheduledThreadPoolExecutor$ScheduledFutureTask.access$201(Ljava/util/concurrent/ScheduledThreadPoolExecutor$ScheduledFutureTask;)V+1
j  java.util.concurrent.ScheduledThreadPoolExecutor$ScheduledFutureTask.run()V+30
j  java.util.concurrent.ThreadPoolExecutor.runWorker(Ljava/util/concurrent/ThreadPoolExecutor$Worker;)V+95
j  java.util.concurrent.ThreadPoolExecutor$Worker.run()V+5
j  java.lang.Thread.run()V+11
v  ~StubRoutines::call_stub
V  [libjvm.dylib+0x2ecf06]  JavaCalls::call_helper(JavaValue*, methodHandle*, JavaCallArguments*, Thread*)+0x6ae
V  [libjvm.dylib+0x2ed694]  JavaCalls::call_virtual(JavaValue*, KlassHandle, Symbol*, Symbol*, JavaCallArguments*, Thread*)+0x164
V  [libjvm.dylib+0x2ed840]  JavaCalls::call_virtual(JavaValue*, Handle, KlassHandle, Symbol*, Symbol*, Thread*)+0x4a
V  [libjvm.dylib+0x348029]  thread_entry(JavaThread*, Thread*)+0x7c
V  [libjvm.dylib+0x5695ab]  JavaThread::thread_main_inner()+0x9b
V  [libjvm.dylib+0x56ac98]  JavaThread::run()+0x1c2
V  [libjvm.dylib+0x48933a]  java_start(Thread*)+0xf6
C  [libsystem_pthread.dylib+0x3aab]  _pthread_body+0xb4
C  [libsystem_pthread.dylib+0x39f7]  _pthread_body+0x0
C  [libsystem_pthread.dylib+0x31fd]  thread_start+0xd
C  0x0000000000000000

Java frames: (J=compiled Java code, j=interpreted, Vv=VM code)
j  org.hibernate.persister.entity.AbstractEntityPersister.getSubclassPropertyDeclarer(Ljava/lang/String;)Lorg/hibernate/persister/entity/Queryable$Declarer;+10
j  org.hibernate.hql.internal.ast.tree.FromElement.handlePropertyBeingDereferenced(Lorg/hibernate/type/Type;Ljava/lang/String;)V+36
j  org.hibernate.hql.internal.ast.tree.DotNode.checkSubclassOrSuperclassPropertyReference(Lorg/hibernate/hql/internal/ast/tree/FromReferenceNode;Ljava/lang/String;)Z+26
j  org.hibernate.hql.internal.ast.tree.DotNode.resolveFirstChild()V+57
j  org.hibernate.hql.internal.ast.HqlSqlWalker.lookupProperty(Lantlr/collections/AST;ZZ)Lantlr/collections/AST;+134
j  org.hibernate.hql.internal.ast.HqlSqlWalker.lookupNonQualifiedProperty(Lantlr/collections/AST;)Lantlr/collections/AST;+41
j  org.hibernate.hql.internal.antlr.HqlSqlBaseWalker.addrExpr(Lantlr/collections/AST;Z)V+769
j  org.hibernate.hql.internal.antlr.HqlSqlBaseWalker.expr(Lantlr/collections/AST;)V+557
j  org.hibernate.hql.internal.antlr.HqlSqlBaseWalker.exprOrSubquery(Lantlr/collections/AST;)V+566
j  org.hibernate.hql.internal.antlr.HqlSqlBaseWalker.comparisonExpr(Lantlr/collections/AST;)V+239
j  org.hibernate.hql.internal.antlr.HqlSqlBaseWalker.logicalExpr(Lantlr/collections/AST;)V+569
j  org.hibernate.hql.internal.antlr.HqlSqlBaseWalker.logicalExpr(Lantlr/collections/AST;)V+263
j  org.hibernate.hql.internal.antlr.HqlSqlBaseWalker.whereClause(Lantlr/collections/AST;)V+137
j  org.hibernate.hql.internal.antlr.HqlSqlBaseWalker.query(Lantlr/collections/AST;)V+380
j  org.hibernate.hql.internal.antlr.HqlSqlBaseWalker.selectStatement(Lantlr/collections/AST;)V+31
j  org.hibernate.hql.internal.antlr.HqlSqlBaseWalker.statement(Lantlr/collections/AST;)V+86
j  org.hibernate.hql.internal.ast.QueryTranslatorImpl.analyze(Lorg/hibernate/hql/internal/ast/HqlParser;Ljava/lang/String;)Lorg/hibernate/hql/internal/ast/HqlSqlWalker;+28
j  org.hibernate.hql.internal.ast.QueryTranslatorImpl.doCompile(Ljava/util/Map;ZLjava/lang/String;)V+57
j  org.hibernate.hql.internal.ast.QueryTranslatorImpl.compile(Ljava/util/Map;Z)V+4
j  org.hibernate.engine.query.spi.HQLQueryPlan.<init>(Ljava/lang/String;Ljava/lang/String;ZLjava/util/Map;Lorg/hibernate/engine/spi/SessionFactoryImplementor;)V+171
j  org.hibernate.engine.query.spi.HQLQueryPlan.<init>(Ljava/lang/String;ZLjava/util/Map;Lorg/hibernate/engine/spi/SessionFactoryImplementor;)V+7
j  org.hibernate.engine.query.spi.QueryPlanCache.getHQLQueryPlan(Ljava/lang/String;ZLjava/util/Map;)Lorg/hibernate/engine/query/spi/HQLQueryPlan;+53
j  org.hibernate.internal.AbstractSessionImpl.getHQLQueryPlan(Ljava/lang/String;Z)Lorg/hibernate/engine/query/spi/HQLQueryPlan;+13
j  org.hibernate.internal.AbstractSessionImpl.createQuery(Ljava/lang/String;)Lorg/hibernate/Query;+13
j  org.hibernate.internal.SessionImpl.createQuery(Ljava/lang/String;)Lorg/hibernate/Query;+10
j  org.hibernate.ejb.AbstractEntityManagerImpl.createQuery(Ljava/lang/String;)Ljavax/persistence/Query;+10
j  play.db.jpa.JPQL.count(Ljava/lang/String;Ljava/lang/String;Ljava/lang/String;[Ljava/lang/Object;)J+16
j  models.Denuncia.count(Ljava/lang/String;[Ljava/lang/Object;)J+9
j  controllers.VereadorController.listNumbersSolicitations(Ljava/lang/Integer;)V+90
v  ~StubRoutines::call_stub
j  sun.reflect.NativeMethodAccessorImpl.invoke0(Ljava/lang/reflect/Method;Ljava/lang/Object;[Ljava/lang/Object;)Ljava/lang/Object;+0
j  sun.reflect.NativeMethodAccessorImpl.invoke(Ljava/lang/Object;[Ljava/lang/Object;)Ljava/lang/Object;+100
j  sun.reflect.DelegatingMethodAccessorImpl.invoke(Ljava/lang/Object;[Ljava/lang/Object;)Ljava/lang/Object;+6
j  java.lang.reflect.Method.invoke(Ljava/lang/Object;[Ljava/lang/Object;)Ljava/lang/Object;+56
j  play.mvc.ActionInvoker.invokeWithContinuation(Ljava/lang/reflect/Method;Ljava/lang/Object;[Ljava/lang/Object;)Ljava/lang/Object;+233
j  play.mvc.ActionInvoker.invoke(Ljava/lang/reflect/Method;Ljava/lang/Object;[Ljava/lang/Object;)Ljava/lang/Object;+10
j  play.mvc.ActionInvoker.invokeControllerMethod(Ljava/lang/reflect/Method;[Ljava/lang/Object;)Ljava/lang/Object;+138
j  play.mvc.ActionInvoker.invokeControllerMethod(Ljava/lang/reflect/Method;)Ljava/lang/Object;+2
j  play.mvc.ActionInvoker.invoke(Lplay/mvc/Http$Request;Lplay/mvc/Http$Response;)V+331
j  play.server.PlayHandler$NettyInvocation.execute()V+64
j  play.Invoker$Invocation$1.apply()Ljava/lang/Void;+12
j  play.Invoker$Invocation$1.apply()Ljava/lang/Object;+1
j  play.db.jpa.JPA.withTransaction(Ljava/lang/String;ZLplay/libs/F$Function0;)Ljava/lang/Object;+80
j  play.db.jpa.JPA.withinFilter(Lplay/libs/F$Function0;)Ljava/lang/Object;+76
j  play.db.jpa.JPAPlugin$TransactionalFilter.withinFilter(Lplay/libs/F$Function0;)Ljava/lang/Object;+1
j  play.Invoker$Invocation.withinFilter(Lplay/libs/F$Function0;)V+22
j  play.Invoker$Invocation.run()V+49
j  play.server.PlayHandler$NettyInvocation.run()V+16
j  java.util.concurrent.Executors$RunnableAdapter.call()Ljava/lang/Object;+4
j  java.util.concurrent.FutureTask.run()V+42
j  java.util.concurrent.ScheduledThreadPoolExecutor$ScheduledFutureTask.access$201(Ljava/util/concurrent/ScheduledThreadPoolExecutor$ScheduledFutureTask;)V+1
j  java.util.concurrent.ScheduledThreadPoolExecutor$ScheduledFutureTask.run()V+30
j  java.util.concurrent.ThreadPoolExecutor.runWorker(Ljava/util/concurrent/ThreadPoolExecutor$Worker;)V+95
j  java.util.concurrent.ThreadPoolExecutor$Worker.run()V+5
j  java.lang.Thread.run()V+11
v  ~StubRoutines::call_stub

---------------  P R O C E S S  ---------------

Java Threads: ( => current thread )
  0x00007f8f6369f800 JavaThread "C3P0PooledConnectionPoolManager[identityToken->z8kflt9ma99rrv1cfe48x|c167e10]-HelperThread-#2" daemon [_thread_blocked, id=32003, stack(0x000070000b32e000,0x000070000b42e000)]
  0x00007f8f623a7000 JavaThread "C3P0PooledConnectionPoolManager[identityToken->z8kflt9ma99rrv1cfe48x|c167e10]-HelperThread-#1" daemon [_thread_blocked, id=31491, stack(0x000070000b22b000,0x000070000b32b000)]
  0x00007f8f6301e800 JavaThread "C3P0PooledConnectionPoolManager[identityToken->z8kflt9ma99rrv1cfe48x|c167e10]-HelperThread-#0" daemon [_thread_blocked, id=30979, stack(0x000070000b128000,0x000070000b228000)]
  0x00007f8f63020000 JavaThread "C3P0PooledConnectionPoolManager[identityToken->z8kflt9ma99rrv1cfe48x|c167e10]-AdminTaskTimer" daemon [_thread_blocked, id=30471, stack(0x000070000b025000,0x000070000b125000)]
  0x00007f8f61d18000 JavaThread "Abandoned connection cleanup thread" daemon [_thread_blocked, id=4875, stack(0x000070000af22000,0x000070000b022000)]
  0x00007f8f61b9c800 JavaThread "net.sf.ehcache.CacheManager@1b17ba4c" daemon [_thread_blocked, id=4103, stack(0x000070000ae1f000,0x000070000af1f000)]
=>0x00007f8f621ae800 JavaThread "play-thread-1" [_thread_in_native, id=15623, stack(0x00007000089ad000,0x0000700008aad000)]
  0x00007f8f6000a000 JavaThread "DestroyJavaVM" [_thread_blocked, id=6915, stack(0x0000700008ab3000,0x0000700008bb3000)]
  0x00007f8f6233f000 JavaThread "New I/O server boss #18" [_thread_in_native, id=29699, stack(0x000070000ad1c000,0x000070000ae1c000)]
  0x00007f8f6233c000 JavaThread "New I/O worker #17" [_thread_in_native, id=29187, stack(0x000070000ac19000,0x000070000ad19000)]
  0x00007f8f62339800 JavaThread "New I/O worker #16" [_thread_in_native, id=28675, stack(0x000070000ab16000,0x000070000ac16000)]
  0x00007f8f6232a800 JavaThread "New I/O worker #15" [_thread_in_native, id=28163, stack(0x000070000aa13000,0x000070000ab13000)]
  0x00007f8f62329800 JavaThread "New I/O worker #14" [_thread_in_native, id=27651, stack(0x000070000a910000,0x000070000aa10000)]
  0x00007f8f62329000 JavaThread "New I/O worker #13" [_thread_in_native, id=27139, stack(0x000070000a80d000,0x000070000a90d000)]
  0x00007f8f5fa54800 JavaThread "New I/O worker #12" [_thread_in_native, id=26627, stack(0x000070000a70a000,0x000070000a80a000)]
  0x00007f8f629c2800 JavaThread "New I/O worker #11" [_thread_in_native, id=26115, stack(0x000070000a607000,0x000070000a707000)]
  0x00007f8f61260000 JavaThread "New I/O worker #10" [_thread_in_native, id=25603, stack(0x000070000a504000,0x000070000a604000)]
  0x00007f8f611a9000 JavaThread "New I/O server boss #9" [_thread_in_native, id=25091, stack(0x000070000a401000,0x000070000a501000)]
  0x00007f8f5fa54000 JavaThread "New I/O worker #8" [_thread_in_native, id=24579, stack(0x000070000a2fe000,0x000070000a3fe000)]
  0x00007f8f5fd2c800 JavaThread "New I/O worker #7" [_thread_in_native, id=24067, stack(0x000070000a1fb000,0x000070000a2fb000)]
  0x00007f8f5fd2c000 JavaThread "New I/O worker #6" [_thread_in_native, id=23555, stack(0x000070000a0f8000,0x000070000a1f8000)]
  0x00007f8f60710800 JavaThread "New I/O worker #5" [_thread_in_native, id=23043, stack(0x0000700009ff5000,0x000070000a0f5000)]
  0x00007f8f6219b800 JavaThread "New I/O worker #4" [_thread_in_native, id=22531, stack(0x0000700009ef2000,0x0000700009ff2000)]
  0x00007f8f601ff800 JavaThread "New I/O worker #3" [_thread_in_native, id=22019, stack(0x0000700009def000,0x0000700009eef000)]
  0x00007f8f6070f800 JavaThread "New I/O worker #2" [_thread_in_native, id=21507, stack(0x0000700009cec000,0x0000700009dec000)]
  0x00007f8f5fd30800 JavaThread "New I/O worker #1" [_thread_in_native, id=20995, stack(0x0000700009be9000,0x0000700009ce9000)]
  0x00007f8f5f854000 JavaThread "Service Thread" daemon [_thread_blocked, id=19971, stack(0x00007000099e3000,0x0000700009ae3000)]
  0x00007f8f6100e000 JavaThread "C1 CompilerThread2" daemon [_thread_blocked, id=19459, stack(0x00007000098e0000,0x00007000099e0000)]
  0x00007f8f6100d800 JavaThread "C2 CompilerThread1" daemon [_thread_blocked, id=18947, stack(0x00007000097dd000,0x00007000098dd000)]
  0x00007f8f6084c000 JavaThread "C2 CompilerThread0" daemon [_thread_in_native, id=18435, stack(0x00007000096da000,0x00007000097da000)]
  0x00007f8f6006f800 JavaThread "JDWP Event Helper Thread" daemon [_thread_blocked, id=17923, stack(0x00007000095d7000,0x00007000096d7000)]
  0x00007f8f6005c800 JavaThread "JDWP Transport Listener: dt_socket" daemon [_thread_in_native, id=17411, stack(0x00007000094d4000,0x00007000095d4000)]
  0x00007f8f5f831800 JavaThread "Signal Dispatcher" daemon [_thread_blocked, id=16899, stack(0x00007000093d1000,0x00007000094d1000)]
  0x00007f8f5f82d800 JavaThread "Finalizer" daemon [_thread_blocked, id=12291, stack(0x00007000091c8000,0x00007000092c8000)]
  0x00007f8f6080c800 JavaThread "Reference Handler" daemon [_thread_blocked, id=11779, stack(0x00007000090c5000,0x00007000091c5000)]

Other Threads:
  0x00007f8f5f82b000 VMThread [stack: 0x0000700008fc2000,0x00007000090c2000] [id=11267]
  0x00007f8f61000000 WatcherThread [stack: 0x0000700009ae6000,0x0000700009be6000] [id=20483]

VM state:not at safepoint (normal execution)

VM Mutex/Monitor currently owned by a thread: None

Heap:
 PSYoungGen      total 105984K, used 12705K [0x0000000795580000, 0x000000079cc80000, 0x00000007c0000000)
  eden space 96256K, 3% used [0x0000000795580000,0x00000007959126b8,0x000000079b380000)
  from space 9728K, 93% used [0x000000079c300000,0x000000079cbd5ff0,0x000000079cc80000)
  to   space 12800K, 0% used [0x000000079b380000,0x000000079b380000,0x000000079c000000)
 ParOldGen       total 60416K, used 14569K [0x0000000740000000, 0x0000000743b00000, 0x0000000795580000)
  object space 60416K, 24% used [0x0000000740000000,0x0000000740e3a658,0x0000000743b00000)
 Metaspace       used 42797K, capacity 43096K, committed 43392K, reserved 1087488K
  class space    used 4349K, capacity 4442K, committed 4480K, reserved 1048576K

Card table byte_map: [0x0000000101d5d000,0x000000010215e000] byte_map_base: 0x00000000fe35d000

Marking Bits: (ParMarkBitMap*) 0x00000001012edd20
 Begin Bits: [0x0000000112713000, 0x0000000114713000)
 End Bits:   [0x0000000114713000, 0x0000000116713000)

Polling page: 0x0000000100124000

CodeCache: size=245760Kb used=14160Kb max_used=14266Kb free=231599Kb
 bounds [0x0000000103713000, 0x0000000104533000, 0x0000000112713000]
 total_blobs=4442 nmethods=3612 adapters=750
 compilation: enabled

Compilation events (10 events):
Event: 1674.879 Thread 0x00007f8f6100e000 nmethod 4036 0x0000000103992d90 code [0x0000000103992f00, 0x0000000103993090]
Event: 1674.880 Thread 0x00007f8f6100e000 4038       1       antlr.ANTLRStringBuffer::length (5 bytes)
Event: 1674.880 Thread 0x00007f8f6100e000 nmethod 4038 0x000000010450edd0 code [0x000000010450ef20, 0x000000010450f030]
Event: 1674.882 Thread 0x00007f8f6100e000 4039       1       antlr.BaseAST::getNextSibling (5 bytes)
Event: 1674.882 Thread 0x00007f8f6100e000 nmethod 4039 0x000000010450eb10 code [0x000000010450ec60, 0x000000010450ed70]
Event: 1674.900 Thread 0x00007f8f6100e000 4040       3       sun.reflect.UnsafeQualifiedStaticIntegerFieldAccessorImpl::get (13 bytes)
Event: 1674.900 Thread 0x00007f8f6100e000 nmethod 4040 0x000000010450e490 code [0x000000010450e620, 0x000000010450e950]
Event: 1674.924 Thread 0x00007f8f6100d800 4041       4       java.security.CodeSource::getCertificates (98 bytes)
Event: 1674.926 Thread 0x00007f8f6100d800 nmethod 4041 0x000000010386f390 code [0x000000010386f4e0, 0x000000010386f638]
Event: 1674.979 Thread 0x00007f8f6100d800 4043       4       java.lang.ref.Finalizer::access$100 (6 bytes)

GC Heap History (10 events):
Event: 49.545 GC heap before
{Heap before GC invocations=8 (full 1):
 PSYoungGen      total 36352K, used 36135K [0x0000000795580000, 0x000000079a580000, 0x00000007c0000000)
  eden space 32768K, 100% used [0x0000000795580000,0x0000000797580000,0x0000000797580000)
  from space 3584K, 93% used [0x000000079a200000,0x000000079a549fe0,0x000000079a580000)
  to   space 12288K, 0% used [0x0000000798d80000,0x0000000798d80000,0x0000000799980000)
 ParOldGen       total 52224K, used 9284K [0x0000000740000000, 0x0000000743300000, 0x0000000795580000)
  object space 52224K, 17% used [0x0000000740000000,0x0000000740911290,0x0000000743300000)
 Metaspace       used 28137K, capacity 28372K, committed 28544K, reserved 1075200K
  class space    used 2877K, capacity 2943K, committed 2944K, reserved 1048576K
Event: 49.554 GC heap after
Heap after GC invocations=8 (full 1):
 PSYoungGen      total 69632K, used 5345K [0x0000000795580000, 0x000000079aa00000, 0x00000007c0000000)
  eden space 57344K, 0% used [0x0000000795580000,0x0000000795580000,0x0000000798d80000)
  from space 12288K, 43% used [0x0000000798d80000,0x00000007992b8610,0x0000000799980000)
  to   space 11776K, 0% used [0x0000000799e80000,0x0000000799e80000,0x000000079aa00000)
 ParOldGen       total 52224K, used 9292K [0x0000000740000000, 0x0000000743300000, 0x0000000795580000)
  object space 52224K, 17% used [0x0000000740000000,0x0000000740913290,0x0000000743300000)
 Metaspace       used 28137K, capacity 28372K, committed 28544K, reserved 1075200K
  class space    used 2877K, capacity 2943K, committed 2944K, reserved 1048576K
}
Event: 50.999 GC heap before
{Heap before GC invocations=9 (full 1):
 PSYoungGen      total 69632K, used 62689K [0x0000000795580000, 0x000000079aa00000, 0x00000007c0000000)
  eden space 57344K, 100% used [0x0000000795580000,0x0000000798d80000,0x0000000798d80000)
  from space 12288K, 43% used [0x0000000798d80000,0x00000007992b8610,0x0000000799980000)
  to   space 11776K, 0% used [0x0000000799e80000,0x0000000799e80000,0x000000079aa00000)
 ParOldGen       total 52224K, used 9292K [0x0000000740000000, 0x0000000743300000, 0x0000000795580000)
  object space 52224K, 17% used [0x0000000740000000,0x0000000740913290,0x0000000743300000)
 Metaspace       used 34927K, capacity 35192K, committed 35456K, reserved 1081344K
  class space    used 3600K, capacity 3657K, committed 3712K, reserved 1048576K
Event: 51.015 GC heap after
Heap after GC invocations=9 (full 1):
 PSYoungGen      total 74240K, used 9218K [0x0000000795580000, 0x000000079d900000, 0x00000007c0000000)
  eden space 62464K, 0% used [0x0000000795580000,0x0000000795580000,0x0000000799280000)
  from space 11776K, 78% used [0x0000000799e80000,0x000000079a7808d0,0x000000079aa00000)
  to   space 12288K, 0% used [0x0000000799280000,0x0000000799280000,0x0000000799e80000)
 ParOldGen       total 52224K, used 9300K [0x0000000740000000, 0x0000000743300000, 0x0000000795580000)
  object space 52224K, 17% used [0x0000000740000000,0x0000000740915290,0x0000000743300000)
 Metaspace       used 34927K, capacity 35192K, committed 35456K, reserved 1081344K
  class space    used 3600K, capacity 3657K, committed 3712K, reserved 1048576K
}
Event: 51.041 GC heap before
{Heap before GC invocations=10 (full 1):
 PSYoungGen      total 74240K, used 11431K [0x0000000795580000, 0x000000079d900000, 0x00000007c0000000)
  eden space 62464K, 3% used [0x0000000795580000,0x00000007957a9678,0x0000000799280000)
  from space 11776K, 78% used [0x0000000799e80000,0x000000079a7808d0,0x000000079aa00000)
  to   space 12288K, 0% used [0x0000000799280000,0x0000000799280000,0x0000000799e80000)
 ParOldGen       total 52224K, used 9300K [0x0000000740000000, 0x0000000743300000, 0x0000000795580000)
  object space 52224K, 17% used [0x0000000740000000,0x0000000740915290,0x0000000743300000)
 Metaspace       used 35065K, capacity 35288K, committed 35456K, reserved 1081344K
  class space    used 3612K, capacity 3689K, committed 3712K, reserved 1048576K
Event: 51.049 GC heap after
Heap after GC invocations=10 (full 1):
 PSYoungGen      total 74752K, used 4372K [0x0000000795580000, 0x000000079cf00000, 0x00000007c0000000)
  eden space 62464K, 0% used [0x0000000795580000,0x0000000795580000,0x0000000799280000)
  from space 12288K, 35% used [0x0000000799280000,0x00000007996c51c0,0x0000000799e80000)
  to   space 12288K, 0% used [0x000000079c300000,0x000000079c300000,0x000000079cf00000)
 ParOldGen       total 52224K, used 10818K [0x0000000740000000, 0x0000000743300000, 0x0000000795580000)
  object space 52224K, 20% used [0x0000000740000000,0x0000000740a90af8,0x0000000743300000)
 Metaspace       used 35065K, capacity 35288K, committed 35456K, reserved 1081344K
  class space    used 3612K, capacity 3689K, committed 3712K, reserved 1048576K
}
Event: 51.049 GC heap before
{Heap before GC invocations=11 (full 2):
 PSYoungGen      total 74752K, used 4372K [0x0000000795580000, 0x000000079cf00000, 0x00000007c0000000)
  eden space 62464K, 0% used [0x0000000795580000,0x0000000795580000,0x0000000799280000)
  from space 12288K, 35% used [0x0000000799280000,0x00000007996c51c0,0x0000000799e80000)
  to   space 12288K, 0% used [0x000000079c300000,0x000000079c300000,0x000000079cf00000)
 ParOldGen       total 52224K, used 10818K [0x0000000740000000, 0x0000000743300000, 0x0000000795580000)
  object space 52224K, 20% used [0x0000000740000000,0x0000000740a90af8,0x0000000743300000)
 Metaspace       used 35065K, capacity 35288K, committed 35456K, reserved 1081344K
  class space    used 3612K, capacity 3689K, committed 3712K, reserved 1048576K
Event: 51.137 GC heap after
Heap after GC invocations=11 (full 2):
 PSYoungGen      total 74752K, used 0K [0x0000000795580000, 0x000000079cf00000, 0x00000007c0000000)
  eden space 62464K, 0% used [0x0000000795580000,0x0000000795580000,0x0000000799280000)
  from space 12288K, 0% used [0x0000000799280000,0x0000000799280000,0x0000000799e80000)
  to   space 12288K, 0% used [0x000000079c300000,0x000000079c300000,0x000000079cf00000)
 ParOldGen       total 60416K, used 14561K [0x0000000740000000, 0x0000000743b00000, 0x0000000795580000)
  object space 60416K, 24% used [0x0000000740000000,0x0000000740e38658,0x0000000743b00000)
 Metaspace       used 35065K, capacity 35288K, committed 35456K, reserved 1081344K
  class space    used 3612K, capacity 3689K, committed 3712K, reserved 1048576K
}
Event: 1674.928 GC heap before
{Heap before GC invocations=12 (full 2):
 PSYoungGen      total 74752K, used 62464K [0x0000000795580000, 0x000000079cf00000, 0x00000007c0000000)
  eden space 62464K, 100% used [0x0000000795580000,0x0000000799280000,0x0000000799280000)
  from space 12288K, 0% used [0x0000000799280000,0x0000000799280000,0x0000000799e80000)
  to   space 12288K, 0% used [0x000000079c300000,0x000000079c300000,0x000000079cf00000)
 ParOldGen       total 60416K, used 14561K [0x0000000740000000, 0x0000000743b00000, 0x0000000795580000)
  object space 60416K, 24% used [0x0000000740000000,0x0000000740e38658,0x0000000743b00000)
 Metaspace       used 42795K, capacity 43096K, committed 43392K, reserved 1087488K
  class space    used 4349K, capacity 4442K, committed 4480K, reserved 1048576K
Event: 1674.977 GC heap after
Heap after GC invocations=12 (full 2):
 PSYoungGen      total 105984K, used 9047K [0x0000000795580000, 0x000000079cc80000, 0x00000007c0000000)
  eden space 96256K, 0% used [0x0000000795580000,0x0000000795580000,0x000000079b380000)
  from space 9728K, 93% used [0x000000079c300000,0x000000079cbd5ff0,0x000000079cc80000)
  to   space 12800K, 0% used [0x000000079b380000,0x000000079b380000,0x000000079c000000)
 ParOldGen       total 60416K, used 14569K [0x0000000740000000, 0x0000000743b00000, 0x0000000795580000)
  object space 60416K, 24% used [0x0000000740000000,0x0000000740e3a658,0x0000000743b00000)
 Metaspace       used 42795K, capacity 43096K, committed 43392K, reserved 1087488K
  class space    used 4349K, capacity 4442K, committed 4480K, reserved 1048576K
}

Deoptimization events (10 events):
Event: 212.049 Thread 0x00007f8f621ae800 Uncommon trap: reason=bimorphic action=maybe_recompile pc=0x0000000103ea2dcc method=java.io.BufferedInputStream.read1([BII)I @ 39
Event: 212.049 Thread 0x00007f8f621ae800 Uncommon trap: reason=bimorphic action=maybe_recompile pc=0x0000000103ea2dcc method=java.io.BufferedInputStream.read1([BII)I @ 39
Event: 212.130 Thread 0x00007f8f621ae800 Uncommon trap: reason=unstable_if action=reinterpret pc=0x0000000103f241e0 method=java.util.Properties$LineReader.readLine()I @ 252
Event: 212.130 Thread 0x00007f8f621ae800 Uncommon trap: reason=unstable_if action=reinterpret pc=0x0000000103f05b44 method=java.util.Properties$LineReader.readLine()I @ 252
Event: 212.218 Thread 0x00007f8f621ae800 Uncommon trap: reason=unstable_if action=reinterpret pc=0x00000001043b6a88 method=java.util.Arrays.equals([B[B)Z @ 12
Event: 212.600 Thread 0x00007f8f621ae800 Uncommon trap: reason=bimorphic action=maybe_recompile pc=0x000000010383ad54 method=java.util.Collections$UnmodifiableCollection.contains(Ljava/lang/Object;)Z @ 5
Event: 350.392 Thread 0x00007f8f5fd30800 Uncommon trap: reason=unstable_if action=reinterpret pc=0x0000000103ce68b4 method=sun.nio.ch.SelectorImpl.processDeregisterQueue()V @ 15
Event: 1672.808 Thread 0x00007f8f621ae800 Uncommon trap: reason=unstable_if action=reinterpret pc=0x0000000104425190 method=java.lang.AbstractStringBuilder.append(I)Ljava/lang/AbstractStringBuilder; @ 16
Event: 1672.973 Thread 0x00007f8f6070f800 Uncommon trap: reason=bimorphic action=maybe_recompile pc=0x00000001039daf08 method=org.jboss.netty.channel.socket.nio.AbstractNioSelector.processTaskQueue()V @ 21
Event: 1672.991 Thread 0x00007f8f6070f800 Uncommon trap: reason=bimorphic action=maybe_recompile pc=0x00000001039daf08 method=org.jboss.netty.channel.socket.nio.AbstractNioSelector.processTaskQueue()V @ 21

Internal exceptions (10 events):
Event: 51.635 Thread 0x00007f8f621ae800 Exception <a 'java/lang/reflect/InvocationTargetException'> (0x0000000796c9c9e8) thrown at [/HUDSON3/workspace/8-2-build-macosx-x86_64/jdk8u101/7261/hotspot/src/share/vm/runtime/reflection.cpp, line 1092]
Event: 196.284 Thread 0x00007f8f621ae800 Exception <a 'java/io/FileNotFoundException'> (0x0000000797061140) thrown at [/HUDSON3/workspace/8-2-build-macosx-x86_64/jdk8u101/7261/hotspot/src/share/vm/prims/jni.cpp, line 709]
Event: 196.298 Thread 0x00007f8f621ae800 Exception <a 'java/io/FileNotFoundException'> (0x00000007970d5aa0) thrown at [/HUDSON3/workspace/8-2-build-macosx-x86_64/jdk8u101/7261/hotspot/src/share/vm/prims/jni.cpp, line 709]
Event: 196.392 Thread 0x00007f8f621ae800 Exception <a 'java/io/FileNotFoundException'> (0x0000000797223650) thrown at [/HUDSON3/workspace/8-2-build-macosx-x86_64/jdk8u101/7261/hotspot/src/share/vm/prims/jni.cpp, line 709]
Event: 196.392 Thread 0x00007f8f621ae800 Exception <a 'java/io/FileNotFoundException'> (0x00000007972243c8) thrown at [/HUDSON3/workspace/8-2-build-macosx-x86_64/jdk8u101/7261/hotspot/src/share/vm/prims/jni.cpp, line 709]
Event: 212.218 Thread 0x00007f8f621ae800 Implicit null exception at 0x00000001043b6938 to 0x00000001043b6a75
Event: 221.785 Thread 0x00007f8f621ae800 Exception <a 'java/lang/reflect/InvocationTargetException'> (0x00000007981b6628) thrown at [/HUDSON3/workspace/8-2-build-macosx-x86_64/jdk8u101/7261/hotspot/src/share/vm/runtime/reflection.cpp, line 1092]
Event: 1672.721 Thread 0x00007f8f621ae800 Exception <a 'java/lang/ClassNotFoundException': Template_1000BeanInfo> (0x0000000798720700) thrown at [/HUDSON3/workspace/8-2-build-macosx-x86_64/jdk8u101/7261/hotspot/src/share/vm/classfile/systemDictionary.cpp, line 210]
Event: 1672.722 Thread 0x00007f8f621ae800 Exception <a 'java/lang/ClassNotFoundException': Template_1000Customizer> (0x0000000798734058) thrown at [/HUDSON3/workspace/8-2-build-macosx-x86_64/jdk8u101/7261/hotspot/src/share/vm/classfile/systemDictionary.cpp, line 210]
Event: 1672.732 Thread 0x00007f8f621ae800 Exception <a 'java/lang/reflect/InvocationTargetException'> (0x000000079874cd68) thrown at [/HUDSON3/workspace/8-2-build-macosx-x86_64/jdk8u101/7261/hotspot/src/share/vm/runtime/reflection.cpp, line 1092]

Events (10 events):
Event: 1674.980 Executing VM operation: RevokeBias
Event: 1674.980 Executing VM operation: RevokeBias done
Event: 1674.980 Executing VM operation: RevokeBias
Event: 1674.980 Executing VM operation: RevokeBias done
Event: 1674.980 Executing VM operation: RevokeBias
Event: 1674.980 Executing VM operation: RevokeBias done
Event: 1674.980 Executing VM operation: RevokeBias
Event: 1674.981 Executing VM operation: RevokeBias done
Event: 1674.981 Executing VM operation: RevokeBias
Event: 1674.981 Executing VM operation: RevokeBias done


Dynamic libraries:
0x000000003581f000 	/System/Library/Frameworks/Cocoa.framework/Versions/A/Cocoa
0x000000003581f000 	/System/Library/Frameworks/Security.framework/Versions/A/Security
0x000000003581f000 	/System/Library/Frameworks/ApplicationServices.framework/Versions/A/ApplicationServices
0x000000003581f000 	/usr/lib/libz.1.dylib
0x000000003581f000 	/usr/lib/libSystem.B.dylib
0x000000003581f000 	/usr/lib/libobjc.A.dylib
0x000000003581f000 	/System/Library/Frameworks/CoreFoundation.framework/Versions/A/CoreFoundation
0x000000003581f000 	/System/Library/Frameworks/Foundation.framework/Versions/C/Foundation
0x000000003581f000 	/System/Library/Frameworks/AppKit.framework/Versions/C/AppKit
0x000000003581f000 	/System/Library/Frameworks/CoreData.framework/Versions/A/CoreData
0x000000003581f000 	/System/Library/PrivateFrameworks/RemoteViewServices.framework/Versions/A/RemoteViewServices
0x000000003581f000 	/System/Library/PrivateFrameworks/UIFoundation.framework/Versions/A/UIFoundation
0x000000003581f000 	/System/Library/PrivateFrameworks/DFRFoundation.framework/Versions/A/DFRFoundation
0x000000003581f000 	/usr/lib/libenergytrace.dylib
0x000000003581f000 	/System/Library/PrivateFrameworks/SkyLight.framework/Versions/A/SkyLight
0x000000003581f000 	/System/Library/Frameworks/CoreGraphics.framework/Versions/A/CoreGraphics
0x000000003581f000 	/usr/lib/libScreenReader.dylib
0x000000003581f000 	/System/Library/Frameworks/Accelerate.framework/Versions/A/Accelerate
0x000000003581f000 	/System/Library/Frameworks/IOSurface.framework/Versions/A/IOSurface
0x000000003581f000 	/System/Library/Frameworks/AudioToolbox.framework/Versions/A/AudioToolbox
0x000000003581f000 	/System/Library/Frameworks/AudioUnit.framework/Versions/A/AudioUnit
0x000000003581f000 	/System/Library/PrivateFrameworks/DataDetectorsCore.framework/Versions/A/DataDetectorsCore
0x000000003581f000 	/System/Library/PrivateFrameworks/DesktopServicesPriv.framework/Versions/A/DesktopServicesPriv
0x000000003581f000 	/System/Library/Frameworks/Carbon.framework/Versions/A/Frameworks/HIToolbox.framework/Versions/A/HIToolbox
0x000000003581f000 	/usr/lib/libicucore.A.dylib
0x000000003581f000 	/System/Library/Frameworks/QuartzCore.framework/Versions/A/QuartzCore
0x000000003581f000 	/System/Library/Frameworks/Carbon.framework/Versions/A/Frameworks/SpeechRecognition.framework/Versions/A/SpeechRecognition
0x000000003581f000 	/usr/lib/libauto.dylib
0x000000003581f000 	/usr/lib/libxml2.2.dylib
0x000000003581f000 	/System/Library/PrivateFrameworks/CoreUI.framework/Versions/A/CoreUI
0x000000003581f000 	/System/Library/Frameworks/CoreAudio.framework/Versions/A/CoreAudio
0x000000003581f000 	/System/Library/Frameworks/DiskArbitration.framework/Versions/A/DiskArbitration
0x000000003581f000 	/usr/lib/liblangid.dylib
0x000000003581f000 	/System/Library/PrivateFrameworks/MultitouchSupport.framework/Versions/A/MultitouchSupport
0x000000003581f000 	/System/Library/Frameworks/IOKit.framework/Versions/A/IOKit
0x000000003581f000 	/usr/lib/libDiagnosticMessagesClient.dylib
0x000000003581f000 	/System/Library/Frameworks/CoreServices.framework/Versions/A/CoreServices
0x000000003581f000 	/System/Library/PrivateFrameworks/PerformanceAnalysis.framework/Versions/A/PerformanceAnalysis
0x000000003581f000 	/System/Library/PrivateFrameworks/GenerationalStorage.framework/Versions/A/GenerationalStorage
0x000000003581f000 	/System/Library/Frameworks/OpenGL.framework/Versions/A/OpenGL
0x000000003581f000 	/System/Library/Frameworks/CoreImage.framework/Versions/A/CoreImage
0x000000003581f000 	/System/Library/Frameworks/CoreText.framework/Versions/A/CoreText
0x000000003581f000 	/System/Library/Frameworks/ImageIO.framework/Versions/A/ImageIO
0x000000003581f000 	/System/Library/PrivateFrameworks/Backup.framework/Versions/A/Backup
0x000000003581f000 	/usr/lib/libarchive.2.dylib
0x000000003581f000 	/System/Library/Frameworks/CFNetwork.framework/Versions/A/CFNetwork
0x000000003581f000 	/System/Library/Frameworks/SystemConfiguration.framework/Versions/A/SystemConfiguration
0x000000003581f000 	/usr/lib/libCRFSuite.dylib
0x000000003581f000 	/usr/lib/libc++.1.dylib
0x000000003581f000 	/usr/lib/libc++abi.dylib
0x000000003581f000 	/usr/lib/system/libcache.dylib
0x000000003581f000 	/usr/lib/system/libcommonCrypto.dylib
0x000000003581f000 	/usr/lib/system/libcompiler_rt.dylib
0x000000003581f000 	/usr/lib/system/libcopyfile.dylib
0x000000003581f000 	/usr/lib/system/libcorecrypto.dylib
0x000000003581f000 	/usr/lib/system/libdispatch.dylib
0x000000003581f000 	/usr/lib/system/libdyld.dylib
0x000000003581f000 	/usr/lib/system/libkeymgr.dylib
0x000000003581f000 	/usr/lib/system/liblaunch.dylib
0x000000003581f000 	/usr/lib/system/libmacho.dylib
0x000000003581f000 	/usr/lib/system/libquarantine.dylib
0x000000003581f000 	/usr/lib/system/libremovefile.dylib
0x000000003581f000 	/usr/lib/system/libsystem_asl.dylib
0x000000003581f000 	/usr/lib/system/libsystem_blocks.dylib
0x000000003581f000 	/usr/lib/system/libsystem_c.dylib
0x000000003581f000 	/usr/lib/system/libsystem_configuration.dylib
0x000000003581f000 	/usr/lib/system/libsystem_coreservices.dylib
0x000000003581f000 	/usr/lib/system/libsystem_coretls.dylib
0x000000003581f000 	/usr/lib/system/libsystem_dnssd.dylib
0x000000003581f000 	/usr/lib/system/libsystem_info.dylib
0x000000003581f000 	/usr/lib/system/libsystem_kernel.dylib
0x000000003581f000 	/usr/lib/system/libsystem_m.dylib
0x000000003581f000 	/usr/lib/system/libsystem_malloc.dylib
0x000000003581f000 	/usr/lib/system/libsystem_network.dylib
0x000000003581f000 	/usr/lib/system/libsystem_networkextension.dylib
0x000000003581f000 	/usr/lib/system/libsystem_notify.dylib
0x000000003581f000 	/usr/lib/system/libsystem_platform.dylib
0x000000003581f000 	/usr/lib/system/libsystem_pthread.dylib
0x000000003581f000 	/usr/lib/system/libsystem_sandbox.dylib
0x000000003581f000 	/usr/lib/system/libsystem_secinit.dylib
0x000000003581f000 	/usr/lib/system/libsystem_symptoms.dylib
0x000000003581f000 	/usr/lib/system/libsystem_trace.dylib
0x000000003581f000 	/usr/lib/system/libunwind.dylib
0x000000003581f000 	/usr/lib/system/libxpc.dylib
0x000000003581f000 	/usr/lib/libbsm.0.dylib
0x000000003581f000 	/usr/lib/system/libkxld.dylib
0x000000003581f000 	/usr/lib/libcoretls.dylib
0x000000003581f000 	/usr/lib/libcoretls_cfhelpers.dylib
0x000000003581f000 	/usr/lib/libxar.1.dylib
0x000000003581f000 	/usr/lib/libsqlite3.dylib
0x000000003581f000 	/usr/lib/libpam.2.dylib
0x000000003581f000 	/usr/lib/libOpenScriptingUtil.dylib
0x000000003581f000 	/usr/lib/libbz2.1.0.dylib
0x000000003581f000 	/usr/lib/liblzma.5.dylib
0x000000003581f000 	/usr/lib/libnetwork.dylib
0x000000003581f000 	/usr/lib/libpcap.A.dylib
0x000000003581f000 	/System/Library/Frameworks/CoreServices.framework/Versions/A/Frameworks/FSEvents.framework/Versions/A/FSEvents
0x000000003581f000 	/System/Library/Frameworks/CoreServices.framework/Versions/A/Frameworks/CarbonCore.framework/Versions/A/CarbonCore
0x000000003581f000 	/System/Library/Frameworks/CoreServices.framework/Versions/A/Frameworks/Metadata.framework/Versions/A/Metadata
0x000000003581f000 	/System/Library/Frameworks/CoreServices.framework/Versions/A/Frameworks/OSServices.framework/Versions/A/OSServices
0x000000003581f000 	/System/Library/Frameworks/CoreServices.framework/Versions/A/Frameworks/SearchKit.framework/Versions/A/SearchKit
0x000000003581f000 	/System/Library/Frameworks/CoreServices.framework/Versions/A/Frameworks/AE.framework/Versions/A/AE
0x000000003581f000 	/System/Library/Frameworks/CoreServices.framework/Versions/A/Frameworks/LaunchServices.framework/Versions/A/LaunchServices
0x000000003581f000 	/System/Library/Frameworks/CoreServices.framework/Versions/A/Frameworks/DictionaryServices.framework/Versions/A/DictionaryServices
0x000000003581f000 	/System/Library/Frameworks/CoreServices.framework/Versions/A/Frameworks/SharedFileList.framework/Versions/A/SharedFileList
0x000000003581f000 	/System/Library/Frameworks/NetFS.framework/Versions/A/NetFS
0x000000003581f000 	/System/Library/PrivateFrameworks/NetAuth.framework/Versions/A/NetAuth
0x000000003581f000 	/System/Library/PrivateFrameworks/login.framework/Versions/A/Frameworks/loginsupport.framework/Versions/A/loginsupport
0x000000003581f000 	/System/Library/PrivateFrameworks/TCC.framework/Versions/A/TCC
0x000000003581f000 	/usr/lib/libmecabra.dylib
0x000000003581f000 	/System/Library/Frameworks/ApplicationServices.framework/Versions/A/Frameworks/ATS.framework/Versions/A/ATS
0x000000003581f000 	/System/Library/Frameworks/ApplicationServices.framework/Versions/A/Frameworks/ColorSync.framework/Versions/A/ColorSync
0x000000003581f000 	/System/Library/Frameworks/ApplicationServices.framework/Versions/A/Frameworks/HIServices.framework/Versions/A/HIServices
0x000000003581f000 	/System/Library/Frameworks/ApplicationServices.framework/Versions/A/Frameworks/LangAnalysis.framework/Versions/A/LangAnalysis
0x000000003581f000 	/System/Library/Frameworks/ApplicationServices.framework/Versions/A/Frameworks/PrintCore.framework/Versions/A/PrintCore
0x000000003581f000 	/System/Library/Frameworks/ApplicationServices.framework/Versions/A/Frameworks/QD.framework/Versions/A/QD
0x000000003581f000 	/System/Library/Frameworks/ApplicationServices.framework/Versions/A/Frameworks/SpeechSynthesis.framework/Versions/A/SpeechSynthesis
0x000000003581f000 	/System/Library/Frameworks/Accelerate.framework/Versions/A/Frameworks/vImage.framework/Versions/A/vImage
0x000000003581f000 	/System/Library/Frameworks/Accelerate.framework/Versions/A/Frameworks/vecLib.framework/Versions/A/vecLib
0x000000003581f000 	/System/Library/Frameworks/Accelerate.framework/Versions/A/Frameworks/vecLib.framework/Versions/A/libvDSP.dylib
0x000000003581f000 	/System/Library/Frameworks/Accelerate.framework/Versions/A/Frameworks/vecLib.framework/Versions/A/libBNNS.dylib
0x000000003581f000 	/System/Library/Frameworks/Accelerate.framework/Versions/A/Frameworks/vecLib.framework/Versions/A/libQuadrature.dylib
0x000000003581f000 	/System/Library/Frameworks/Accelerate.framework/Versions/A/Frameworks/vecLib.framework/Versions/A/libvMisc.dylib
0x000000003581f000 	/System/Library/Frameworks/Accelerate.framework/Versions/A/Frameworks/vecLib.framework/Versions/A/libLAPACK.dylib
0x000000003581f000 	/System/Library/Frameworks/Accelerate.framework/Versions/A/Frameworks/vecLib.framework/Versions/A/libBLAS.dylib
0x000000003581f000 	/System/Library/Frameworks/Accelerate.framework/Versions/A/Frameworks/vecLib.framework/Versions/A/libLinearAlgebra.dylib
0x000000003581f000 	/System/Library/Frameworks/Accelerate.framework/Versions/A/Frameworks/vecLib.framework/Versions/A/libSparseBLAS.dylib
0x000000003581f000 	/System/Library/Frameworks/ApplicationServices.framework/Versions/A/Frameworks/ATS.framework/Versions/A/Resources/libFontParser.dylib
0x000000003581f000 	/System/Library/Frameworks/ApplicationServices.framework/Versions/A/Frameworks/ATS.framework/Versions/A/Resources/libFontRegistry.dylib
0x000000003581f000 	/System/Library/Frameworks/ImageIO.framework/Versions/A/Resources/libJPEG.dylib
0x000000003581f000 	/System/Library/Frameworks/ImageIO.framework/Versions/A/Resources/libTIFF.dylib
0x000000003581f000 	/System/Library/Frameworks/ImageIO.framework/Versions/A/Resources/libPng.dylib
0x000000003581f000 	/System/Library/Frameworks/ImageIO.framework/Versions/A/Resources/libGIF.dylib
0x000000003581f000 	/System/Library/Frameworks/ImageIO.framework/Versions/A/Resources/libJP2.dylib
0x000000003581f000 	/System/Library/Frameworks/ImageIO.framework/Versions/A/Resources/libRadiance.dylib
0x000000003581f000 	/usr/lib/libcompression.dylib
0x000000003581f000 	/System/Library/PrivateFrameworks/AppleJPEG.framework/Versions/A/AppleJPEG
0x000000003581f000 	/usr/lib/libcups.2.dylib
0x000000003581f000 	/System/Library/Frameworks/Kerberos.framework/Versions/A/Kerberos
0x000000003581f000 	/System/Library/Frameworks/GSS.framework/Versions/A/GSS
0x000000003581f000 	/usr/lib/libresolv.9.dylib
0x000000003581f000 	/usr/lib/libiconv.2.dylib
0x000000003581f000 	/System/Library/PrivateFrameworks/Heimdal.framework/Versions/A/Heimdal
0x000000003581f000 	/usr/lib/libheimdal-asn1.dylib
0x000000003581f000 	/System/Library/Frameworks/OpenDirectory.framework/Versions/A/OpenDirectory
0x000000003581f000 	/System/Library/PrivateFrameworks/CommonAuth.framework/Versions/A/CommonAuth
0x000000003581f000 	/System/Library/Frameworks/OpenDirectory.framework/Versions/A/Frameworks/CFOpenDirectory.framework/Versions/A/CFOpenDirectory
0x000000003581f000 	/System/Library/Frameworks/SecurityFoundation.framework/Versions/A/SecurityFoundation
0x000000003581f000 	/System/Library/PrivateFrameworks/LanguageModeling.framework/Versions/A/LanguageModeling
0x000000003581f000 	/usr/lib/libmarisa.dylib
0x000000003581f000 	/usr/lib/libChineseTokenizer.dylib
0x000000003581f000 	/usr/lib/libcmph.dylib
0x000000003581f000 	/System/Library/PrivateFrameworks/CoreEmoji.framework/Versions/A/CoreEmoji
0x000000003581f000 	/System/Library/Frameworks/ServiceManagement.framework/Versions/A/ServiceManagement
0x000000003581f000 	/usr/lib/libxslt.1.dylib
0x000000003581f000 	/System/Library/Frameworks/Carbon.framework/Versions/A/Frameworks/Ink.framework/Versions/A/Ink
0x000000003581f000 	/System/Library/PrivateFrameworks/TextureIO.framework/Versions/A/TextureIO
0x000000003581f000 	/System/Library/Frameworks/Metal.framework/Versions/A/Metal
0x000000003581f000 	/usr/lib/libate.dylib
0x000000003581f000 	/System/Library/PrivateFrameworks/GPUCompiler.framework/libmetal_timestamp.dylib
0x000000003581f000 	/System/Library/Frameworks/OpenGL.framework/Versions/A/Libraries/libCoreFSCache.dylib
0x000000003581f000 	/System/Library/PrivateFrameworks/IOAccelerator.framework/Versions/A/IOAccelerator
0x000000003581f000 	/System/Library/Frameworks/CoreVideo.framework/Versions/A/CoreVideo
0x000000003581f000 	/usr/lib/libFosl_dynamic.dylib
0x000000003581f000 	/System/Library/PrivateFrameworks/MetalPerformanceShaders.framework/Versions/A/MetalPerformanceShaders
0x000000003581f000 	/System/Library/PrivateFrameworks/FaceCore.framework/Versions/A/FaceCore
0x000000003581f000 	/System/Library/Frameworks/OpenCL.framework/Versions/A/OpenCL
0x000000003581f000 	/System/Library/Frameworks/OpenGL.framework/Versions/A/Libraries/libGLU.dylib
0x000000003581f000 	/System/Library/Frameworks/OpenGL.framework/Versions/A/Libraries/libGFXShared.dylib
0x000000003581f000 	/System/Library/Frameworks/OpenGL.framework/Versions/A/Libraries/libGL.dylib
0x000000003581f000 	/System/Library/Frameworks/OpenGL.framework/Versions/A/Libraries/libGLImage.dylib
0x000000003581f000 	/System/Library/Frameworks/OpenGL.framework/Versions/A/Libraries/libCVMSPluginSupport.dylib
0x000000003581f000 	/System/Library/Frameworks/OpenGL.framework/Versions/A/Libraries/libCoreVMClient.dylib
0x000000003581f000 	/System/Library/PrivateFrameworks/CrashReporterSupport.framework/Versions/A/CrashReporterSupport
0x000000003581f000 	/System/Library/PrivateFrameworks/Sharing.framework/Versions/A/Sharing
0x000000003581f000 	/System/Library/PrivateFrameworks/IconServices.framework/Versions/A/IconServices
0x000000003581f000 	/System/Library/PrivateFrameworks/ProtocolBuffer.framework/Versions/A/ProtocolBuffer
0x000000003581f000 	/System/Library/PrivateFrameworks/Apple80211.framework/Versions/A/Apple80211
0x000000003581f000 	/System/Library/Frameworks/CoreWLAN.framework/Versions/A/CoreWLAN
0x000000003581f000 	/System/Library/PrivateFrameworks/CoreUtils.framework/Versions/A/CoreUtils
0x000000003581f000 	/System/Library/Frameworks/IOBluetooth.framework/Versions/A/IOBluetooth
0x000000003581f000 	/System/Library/PrivateFrameworks/CoreWiFi.framework/Versions/A/CoreWiFi
0x000000003581f000 	/System/Library/Frameworks/CoreBluetooth.framework/Versions/A/CoreBluetooth
0x000000003581f000 	/System/Library/Frameworks/CoreDisplay.framework/Versions/A/CoreDisplay
0x000000003581f000 	/System/Library/PrivateFrameworks/IOPresentment.framework/Versions/A/IOPresentment
0x000000003581f000 	/System/Library/PrivateFrameworks/DebugSymbols.framework/Versions/A/DebugSymbols
0x000000003581f000 	/System/Library/PrivateFrameworks/CoreSymbolication.framework/Versions/A/CoreSymbolication
0x000000003581f000 	/System/Library/PrivateFrameworks/Symbolication.framework/Versions/A/Symbolication
0x000000003581f000 	/System/Library/PrivateFrameworks/AppleFSCompression.framework/Versions/A/AppleFSCompression
0x000000003581f000 	/System/Library/PrivateFrameworks/SpeechRecognitionCore.framework/Versions/A/SpeechRecognitionCore
0x000000003581f000 	/System/Library/PrivateFrameworks/ChunkingLibrary.framework/Versions/A/ChunkingLibrary
0x0000000100a00000 	/Library/Java/JavaVirtualMachines/jdk1.8.0_101.jdk/Contents/Home/jre/lib/server/libjvm.dylib
0x000000003581f000 	/usr/lib/libstdc++.6.dylib
0x00000001000e1000 	/Library/Java/JavaVirtualMachines/jdk1.8.0_101.jdk/Contents/Home/jre/lib/libverify.dylib
0x00000001000ef000 	/Library/Java/JavaVirtualMachines/jdk1.8.0_101.jdk/Contents/Home/jre/lib/libjava.dylib
0x0000000100125000 	/Library/Java/JavaVirtualMachines/jdk1.8.0_101.jdk/Contents/Home/jre/lib/libjdwp.dylib
0x0000000100170000 	/Library/Java/JavaVirtualMachines/jdk1.8.0_101.jdk/Contents/Home/jre/lib/libinstrument.dylib
0x00000001001c5000 	/Library/Java/JavaVirtualMachines/jdk1.8.0_101.jdk/Contents/Home/jre/lib/libnpt.dylib
0x00000001001d2000 	/Library/Java/JavaVirtualMachines/jdk1.8.0_101.jdk/Contents/Home/jre/lib/libzip.dylib
0x0000000117353000 	/System/Library/Frameworks/JavaVM.framework/Frameworks/JavaRuntimeSupport.framework/JavaRuntimeSupport
0x000000011736d000 	/System/Library/Frameworks/JavaVM.framework/Versions/A/Frameworks/JavaNativeFoundation.framework/Versions/A/JavaNativeFoundation
0x0000000103678000 	/System/Library/Frameworks/JavaVM.framework/Versions/A/JavaVM
0x000000003581f000 	/System/Library/Frameworks/Carbon.framework/Versions/A/Carbon
0x0000000117382000 	/System/Library/PrivateFrameworks/JavaLaunching.framework/Versions/A/JavaLaunching
0x000000003581f000 	/System/Library/Frameworks/Carbon.framework/Versions/A/Frameworks/CommonPanels.framework/Versions/A/CommonPanels
0x000000003581f000 	/System/Library/Frameworks/Carbon.framework/Versions/A/Frameworks/Help.framework/Versions/A/Help
0x000000003581f000 	/System/Library/Frameworks/Carbon.framework/Versions/A/Frameworks/ImageCapture.framework/Versions/A/ImageCapture
0x000000003581f000 	/System/Library/Frameworks/Carbon.framework/Versions/A/Frameworks/OpenScripting.framework/Versions/A/OpenScripting
0x000000003581f000 	/System/Library/Frameworks/Carbon.framework/Versions/A/Frameworks/Print.framework/Versions/A/Print
0x000000003581f000 	/System/Library/Frameworks/Carbon.framework/Versions/A/Frameworks/SecurityHI.framework/Versions/A/SecurityHI
0x0000000118c97000 	/Library/Java/JavaVirtualMachines/jdk1.8.0_101.jdk/Contents/Home/jre/lib/libdt_socket.dylib
0x0000000118f98000 	/Library/Java/JavaVirtualMachines/jdk1.8.0_101.jdk/Contents/Home/jre/lib/libnet.dylib
0x000000011900d000 	/Library/Java/JavaVirtualMachines/jdk1.8.0_101.jdk/Contents/Home/jre/lib/libnio.dylib
0x0000000118fde000 	/Library/Java/JavaVirtualMachines/jdk1.8.0_101.jdk/Contents/Home/jre/lib/libmanagement.dylib
0x0000000118f37000 	/Library/Java/JavaVirtualMachines/jdk1.8.0_101.jdk/Contents/Home/jre/lib/libsunec.dylib

VM Arguments:
jvm_args: -javaagent:/Applications/play-1.4.3/framework/play-1.4.3.jar -Xverify:none -Dfile.encoding=utf-8 -Xdebug -Xrunjdwp:transport=dt_socket,address=8000,server=y,suspend=n -Dplay.debug=yes -Dapplication.path=/Users/gudominguete/Projects/CamaraAlerta/CamaraAlerta -Dplay.id= 
java_command: play.server.Server 
java_class_path (initial): /Users/gudominguete/Projects/CamaraAlerta/CamaraAlerta/conf:/Applications/play-1.4.3/framework/play-1.4.3.jar:/Applications/play-1.4.3/modules/docviewer/lib/play-docviewer.jar:/Applications/play-1.4.3/framework/lib/activation-1.1.1.jar:/Applications/play-1.4.3/framework/lib/antlr-2.7.7.jar:/Applications/play-1.4.3/framework/lib/asm-all-5.1.jar:/Applications/play-1.4.3/framework/lib/async-http-client-1.9.38.jar:/Applications/play-1.4.3/framework/lib/bcprov-jdk15-1.46.jar:/Applications/play-1.4.3/framework/lib/c3p0-0.9.5.2.jar:/Applications/play-1.4.3/framework/lib/c3p0-oracle-thin-extras-0.9.5.jar:/Applications/play-1.4.3/framework/lib/cglib-3.2.2.jar:/Applications/play-1.4.3/framework/lib/commons-beanutils-1.9.2.jar:/Applications/play-1.4.3/framework/lib/commons-codec-1.10.jar:/Applications/play-1.4.3/framework/lib/commons-collections-3.2.2.jar:/Applications/play-1.4.3/framework/lib/commons-email-1.4.jar:/Applications/play-1.4.3/framework/lib/commons-fileupload-1.3.1.jar:/Applications/play-1.4.3/framework/lib/commons-io-2.5.jar:/Applications/play-1.4.3/framework/lib/commons-javaflow-1590792.jar:/Applications/play-1.4.3/framework/lib/commons-lang-2.6.jar:/Applications/play-1.4.3/framework/lib/commons-logging-1.2.jar:/Applications/play-1.4.3/framework/lib/dom4j-1.6.1.jar:/Applications/play-1.4.3/framework/lib/ehcache-core-2.6.11.jar:/Applications/play-1.4.3/framework/lib/ezmorph-1.0.6.jar:/Applications/play-1.4.3/framework/lib/geronimo-servlet_2.5_spec-1.2.jar:/Applications/play-1.4.3/framework/lib/groovy-all-2.4.7.jar:/Applications/play-1.4.3/framework/lib/gson-2.6.2.jar:/Applications/play-1.4.3/framework/lib/h2-1.4.192.jar:/Applications/play-1.4.3/framework/lib/hamcrest-core-1.3.jar:/Applications/play-1.4.3/framework/lib/hibernate-c3p0-4.2.19.Final.jar:/Applications/play-1.4.3/framework/lib/hibernate-commons-annotations-4.0.2.Final.jar:/Applications/play-1.4.3/framework/lib/hibernate-core-4.2.19.Final.jar:/Applications/play-1.4.3/framewo
Launcher Type: SUN_STANDARD

Environment Variables:
JAVA_HOME=/Library/Java/JavaVirtualMachines/jdk1.8.0_101.jdk/Contents/Home
PATH=/usr/bin:/bin:/usr/sbin:/sbin:/usr/local/bin:/Applications/play-1.4.3
SHELL=/bin/bash

Signal Handlers:
SIGSEGV: [libjvm.dylib+0x5af145], sa_mask[0]=11111111011111110111111111111111, sa_flags=SA_ONSTACK|SA_RESTART|SA_SIGINFO
SIGBUS: [libjvm.dylib+0x5af145], sa_mask[0]=11111111011111110111111111111111, sa_flags=SA_RESTART|SA_SIGINFO
SIGFPE: [libjvm.dylib+0x48694c], sa_mask[0]=11111111011111110111111111111111, sa_flags=SA_RESTART|SA_SIGINFO
SIGPIPE: [libjvm.dylib+0x48694c], sa_mask[0]=11111111011111110111111111111111, sa_flags=SA_RESTART|SA_SIGINFO
SIGXFSZ: [libjvm.dylib+0x48694c], sa_mask[0]=11111111011111110111111111111111, sa_flags=SA_RESTART|SA_SIGINFO
SIGILL: [libjvm.dylib+0x48694c], sa_mask[0]=11111111011111110111111111111111, sa_flags=SA_RESTART|SA_SIGINFO
SIGUSR1: SIG_DFL, sa_mask[0]=11011111011111100000000111000110, sa_flags=none
SIGUSR2: [libjvm.dylib+0x48646a], sa_mask[0]=00100000000000000000000000000000, sa_flags=SA_RESTART|SA_SIGINFO
SIGHUP: [libjvm.dylib+0x484a41], sa_mask[0]=11111111011111110111111111111111, sa_flags=SA_RESTART|SA_SIGINFO
SIGINT: [libjvm.dylib+0x484a41], sa_mask[0]=11111111011111110111111111111111, sa_flags=SA_RESTART|SA_SIGINFO
SIGTERM: [libjvm.dylib+0x484a41], sa_mask[0]=11111111011111110111111111111111, sa_flags=SA_RESTART|SA_SIGINFO
SIGQUIT: [libjvm.dylib+0x484a41], sa_mask[0]=11111111011111110111111111111111, sa_flags=SA_RESTART|SA_SIGINFO


---------------  S Y S T E M  ---------------

OS:Bsduname:Darwin 16.4.0 Darwin Kernel Version 16.4.0: Thu Dec 22 22:53:21 PST 2016; root:xnu-3789.41.3~3/RELEASE_X86_64 x86_64
rlimit: STACK 8192k, CORE 0k, NPROC 709, NOFILE 10240, AS infinity
load average:3.32 2.85 3.26

CPU:total 4 (2 cores per cpu, 2 threads per core) family 6 model 58 stepping 9, cmov, cx8, fxsr, mmx, sse, sse2, sse3, ssse3, sse4.1, sse4.2, popcnt, avx, aes, clmul, erms, ht, tsc, tscinvbit, tscinv

Memory: 4k page, physical 8388608k(41472k free)

/proc/meminfo:


vm_info: Java HotSpot(TM) 64-Bit Server VM (25.101-b13) for bsd-amd64 JRE (1.8.0_101-b13), built on Jun 22 2016 02:42:15 by "java_re" with gcc 4.2.1 (Based on Apple Inc. build 5658) (LLVM build 2336.11.00)

time: Thu Feb  9 22:32:13 2017
elapsed time: 1675 seconds (0d 0h 27m 55s)

